DEPRECATION WARNING: `Rails.application.secrets` is deprecated in favor of `Rails.application.credentials` and will be removed in Rails 7.2. (called from <main> at E:/Nikita/Uni/Programming/3c2s/HealthHub-main/config/environment.rb:5)
Started GET "/" for 127.0.0.1 at 2024-04-19 17:54:51 +0300
  [1m[35m (103.0ms)[0m  [1m[35mCREATE TABLE "schema_migrations" ("version" varchar NOT NULL PRIMARY KEY)[0m
  [1m[35m (0.2ms)[0m  [1m[35mCREATE TABLE "ar_internal_metadata" ("key" varchar NOT NULL PRIMARY KEY, "value" varchar, "created_at" datetime(6) NOT NULL, "updated_at" datetime(6) NOT NULL)[0m
  [1m[36mActiveRecord::SchemaMigration Load (0.1ms)[0m  [1m[34mSELECT "schema_migrations"."version" FROM "schema_migrations" ORDER BY "schema_migrations"."version" ASC[0m
  
ActiveRecord::PendingMigrationError (

Migrations are pending. To resolve this issue, run:

        bin/rails db:migrate

You have 4 pending migrations:

db/migrate/20240418101923_devise_create_users.rb
db/migrate/20240418124052_create_links.rb
db/migrate/20240419102230_devise_create_doctors.rb
db/migrate/20240419102235_devise_create_patients.rb


):
  
activerecord (7.1.3.2) lib/active_record/migration.rb:755:in `check_pending_migrations'
activerecord (7.1.3.2) lib/active_record/migration.rb:644:in `block (2 levels) in call'
activesupport (7.1.3.2) lib/active_support/file_update_checker.rb:85:in `execute'
activerecord (7.1.3.2) lib/active_record/migration.rb:649:in `block in call'
activerecord (7.1.3.2) lib/active_record/migration.rb:641:in `synchronize'
activerecord (7.1.3.2) lib/active_record/migration.rb:641:in `call'
actionpack (7.1.3.2) lib/action_dispatch/middleware/callbacks.rb:29:in `block in call'
activesupport (7.1.3.2) lib/active_support/callbacks.rb:101:in `run_callbacks'
actionpack (7.1.3.2) lib/action_dispatch/middleware/callbacks.rb:28:in `call'
actionpack (7.1.3.2) lib/action_dispatch/middleware/executor.rb:14:in `call'
actionpack (7.1.3.2) lib/action_dispatch/middleware/actionable_exceptions.rb:16:in `call'
actionpack (7.1.3.2) lib/action_dispatch/middleware/debug_exceptions.rb:29:in `call'
web-console (4.2.1) lib/web_console/middleware.rb:132:in `call_app'
web-console (4.2.1) lib/web_console/middleware.rb:28:in `block in call'
web-console (4.2.1) lib/web_console/middleware.rb:17:in `catch'
web-console (4.2.1) lib/web_console/middleware.rb:17:in `call'
actionpack (7.1.3.2) lib/action_dispatch/middleware/show_exceptions.rb:31:in `call'
railties (7.1.3.2) lib/rails/rack/logger.rb:37:in `call_app'
railties (7.1.3.2) lib/rails/rack/logger.rb:24:in `block in call'
activesupport (7.1.3.2) lib/active_support/tagged_logging.rb:135:in `block in tagged'
activesupport (7.1.3.2) lib/active_support/tagged_logging.rb:39:in `tagged'
activesupport (7.1.3.2) lib/active_support/tagged_logging.rb:135:in `tagged'
activesupport (7.1.3.2) lib/active_support/broadcast_logger.rb:240:in `method_missing'
railties (7.1.3.2) lib/rails/rack/logger.rb:24:in `call'
sprockets-rails (3.4.2) lib/sprockets/rails/quiet_assets.rb:13:in `call'
actionpack (7.1.3.2) lib/action_dispatch/middleware/remote_ip.rb:92:in `call'
actionpack (7.1.3.2) lib/action_dispatch/middleware/request_id.rb:28:in `call'
rack (3.0.10) lib/rack/method_override.rb:28:in `call'
rack (3.0.10) lib/rack/runtime.rb:24:in `call'
activesupport (7.1.3.2) lib/active_support/cache/strategy/local_cache_middleware.rb:29:in `call'
actionpack (7.1.3.2) lib/action_dispatch/middleware/server_timing.rb:59:in `block in call'
actionpack (7.1.3.2) lib/action_dispatch/middleware/server_timing.rb:24:in `collect_events'
actionpack (7.1.3.2) lib/action_dispatch/middleware/server_timing.rb:58:in `call'
actionpack (7.1.3.2) lib/action_dispatch/middleware/executor.rb:14:in `call'
actionpack (7.1.3.2) lib/action_dispatch/middleware/static.rb:25:in `call'
rack (3.0.10) lib/rack/sendfile.rb:114:in `call'
actionpack (7.1.3.2) lib/action_dispatch/middleware/host_authorization.rb:141:in `call'
railties (7.1.3.2) lib/rails/engine.rb:536:in `call'
puma (6.4.2) lib/puma/configuration.rb:272:in `call'
puma (6.4.2) lib/puma/request.rb:100:in `block in handle_request'
puma (6.4.2) lib/puma/thread_pool.rb:378:in `with_force_shutdown'
puma (6.4.2) lib/puma/request.rb:99:in `handle_request'
puma (6.4.2) lib/puma/server.rb:464:in `process_client'
puma (6.4.2) lib/puma/server.rb:245:in `block in run'
puma (6.4.2) lib/puma/thread_pool.rb:155:in `block in spawn_thread'
Started POST "/rails/actions" for 127.0.0.1 at 2024-04-19 17:54:55 +0300
  [1m[36mActiveRecord::InternalMetadata Load (0.4ms)[0m  [1m[34mSELECT * FROM "ar_internal_metadata" WHERE "ar_internal_metadata"."key" = ? ORDER BY "ar_internal_metadata"."key" ASC LIMIT 1[0m  [[nil, "environment"]]
  [1m[36mActiveRecord::InternalMetadata Create (90.8ms)[0m  [1m[32mINSERT INTO "ar_internal_metadata" ("key", "value", "created_at", "updated_at") VALUES ('environment', 'development', '2024-04-19 14:54:55.743921', '2024-04-19 14:54:55.743926') RETURNING "key"[0m
  [1m[36mActiveRecord::SchemaMigration Load (0.1ms)[0m  [1m[34mSELECT "schema_migrations"."version" FROM "schema_migrations" ORDER BY "schema_migrations"."version" ASC[0m
Migrating to DeviseCreateUsers (20240418101923)
  [1m[36mTRANSACTION (0.1ms)[0m  [1m[36mbegin transaction[0m
  [1m[35m (1.4ms)[0m  [1m[35mCREATE TABLE "users" ("id" integer PRIMARY KEY AUTOINCREMENT NOT NULL, "email" varchar DEFAULT '' NOT NULL, "encrypted_password" varchar DEFAULT '' NOT NULL, "reset_password_token" varchar, "reset_password_sent_at" datetime(6), "remember_created_at" datetime(6), "created_at" datetime(6) NOT NULL, "updated_at" datetime(6) NOT NULL)[0m
  [1m[35m (0.1ms)[0m  [1m[35mCREATE UNIQUE INDEX "index_users_on_email" ON "users" ("email")[0m
  [1m[35m (0.2ms)[0m  [1m[35mCREATE UNIQUE INDEX "index_users_on_reset_password_token" ON "users" ("reset_password_token")[0m
  [1m[36mActiveRecord::SchemaMigration Create (0.1ms)[0m  [1m[32mINSERT INTO "schema_migrations" ("version") VALUES ('20240418101923') RETURNING "version"[0m
  [1m[36mTRANSACTION (0.2ms)[0m  [1m[36mcommit transaction[0m
Migrating to CreateLinks (20240418124052)
  [1m[36mTRANSACTION (0.1ms)[0m  [1m[36mbegin transaction[0m
  [1m[35m (1.2ms)[0m  [1m[35mCREATE TABLE "links" ("id" integer PRIMARY KEY AUTOINCREMENT NOT NULL, "url" varchar, "created_at" datetime(6) NOT NULL, "updated_at" datetime(6) NOT NULL)[0m
  [1m[36mActiveRecord::SchemaMigration Create (0.1ms)[0m  [1m[32mINSERT INTO "schema_migrations" ("version") VALUES ('20240418124052') RETURNING "version"[0m
  [1m[36mTRANSACTION (0.1ms)[0m  [1m[36mcommit transaction[0m
Migrating to DeviseCreateDoctors (20240419102230)
  [1m[36mTRANSACTION (0.1ms)[0m  [1m[36mbegin transaction[0m
  [1m[35m (1.1ms)[0m  [1m[35mCREATE TABLE "doctors" ("id" integer PRIMARY KEY AUTOINCREMENT NOT NULL, "email" varchar DEFAULT '' NOT NULL, "encrypted_password" varchar DEFAULT '' NOT NULL, "reset_password_token" varchar, "reset_password_sent_at" datetime(6), "remember_created_at" datetime(6), "created_at" datetime(6) NOT NULL, "updated_at" datetime(6) NOT NULL)[0m
  [1m[35m (0.1ms)[0m  [1m[35mCREATE UNIQUE INDEX "index_doctors_on_email" ON "doctors" ("email")[0m
  [1m[35m (0.2ms)[0m  [1m[35mCREATE UNIQUE INDEX "index_doctors_on_reset_password_token" ON "doctors" ("reset_password_token")[0m
  [1m[36mActiveRecord::SchemaMigration Create (0.1ms)[0m  [1m[32mINSERT INTO "schema_migrations" ("version") VALUES ('20240419102230') RETURNING "version"[0m
  [1m[36mTRANSACTION (0.2ms)[0m  [1m[36mcommit transaction[0m
Migrating to DeviseCreatePatients (20240419102235)
  [1m[36mTRANSACTION (0.1ms)[0m  [1m[36mbegin transaction[0m
  [1m[35m (1.3ms)[0m  [1m[35mCREATE TABLE "patients" ("id" integer PRIMARY KEY AUTOINCREMENT NOT NULL, "email" varchar DEFAULT '' NOT NULL, "encrypted_password" varchar DEFAULT '' NOT NULL, "reset_password_token" varchar, "reset_password_sent_at" datetime(6), "remember_created_at" datetime(6), "created_at" datetime(6) NOT NULL, "updated_at" datetime(6) NOT NULL)[0m
  [1m[35m (0.1ms)[0m  [1m[35mCREATE UNIQUE INDEX "index_patients_on_email" ON "patients" ("email")[0m
  [1m[35m (0.1ms)[0m  [1m[35mCREATE UNIQUE INDEX "index_patients_on_reset_password_token" ON "patients" ("reset_password_token")[0m
  [1m[36mActiveRecord::SchemaMigration Create (0.1ms)[0m  [1m[32mINSERT INTO "schema_migrations" ("version") VALUES ('20240419102235') RETURNING "version"[0m
  [1m[36mTRANSACTION (0.1ms)[0m  [1m[36mcommit transaction[0m
  [1m[36mActiveRecord::SchemaMigration Load (0.1ms)[0m  [1m[34mSELECT "schema_migrations"."version" FROM "schema_migrations" ORDER BY "schema_migrations"."version" ASC[0m
Started GET "/" for 127.0.0.1 at 2024-04-19 17:54:55 +0300
  [1m[36mActiveRecord::SchemaMigration Load (0.1ms)[0m  [1m[34mSELECT "schema_migrations"."version" FROM "schema_migrations" ORDER BY "schema_migrations"."version" ASC[0m
Processing by HomeController#index as HTML
  Rendering layout layouts/application.html.erb
  Rendering home/index.html.erb within layouts/application
  Rendered home/index.html.erb within layouts/application (Duration: 12.9ms | Allocations: 3416)
  Rendered layout layouts/application.html.erb (Duration: 519.4ms | Allocations: 85667)
Completed 500 Internal Server Error in 551ms (ActiveRecord: 0.0ms | Allocations: 88342)


  
ActionView::Template::Error (Permission denied @ rb_file_s_rename - (E:/Nikita/Uni/Programming/3c2s/HealthHub-main/tmp/cache/assets/sprockets/v4.0.0/yv/yv1Q4OFCuYZt6zkyYI3QWQD5TWAeUr6DlLse2nCPmn4.cache.26960.11752.206321, E:/Nikita/Uni/Programming/3c2s/HealthHub-main/tmp/cache/assets/sprockets/v4.0.0/yv/yv1Q4OFCuYZt6zkyYI3QWQD5TWAeUr6DlLse2nCPmn4.cache)):
  
sprockets (4.2.1) lib/sprockets/path_utils.rb:362:in `rename'
sprockets (4.2.1) lib/sprockets/path_utils.rb:362:in `atomic_write'
sprockets (4.2.1) lib/sprockets/cache/file_store.rb:112:in `set'
sprockets (4.2.1) lib/sprockets/cache.rb:227:in `set'
sprockets (4.2.1) lib/sprockets/cache.rb:143:in `set'
sprockets (4.2.1) lib/sprockets/loader.rb:343:in `fetch_asset_from_dependency_cache'
sprockets (4.2.1) lib/sprockets/loader.rb:43:in `load'
sprockets (4.2.1) lib/sprockets/cached_environment.rb:44:in `block in load'
concurrent-ruby (1.2.3) lib/concurrent-ruby/concurrent/map.rb:207:in `block in fetch_or_store'
concurrent-ruby (1.2.3) lib/concurrent-ruby/concurrent/map.rb:187:in `fetch'
concurrent-ruby (1.2.3) lib/concurrent-ruby/concurrent/map.rb:206:in `fetch_or_store'
sprockets (4.2.1) lib/sprockets/cached_environment.rb:44:in `load'
sprockets (4.2.1) lib/sprockets/bundle.rb:32:in `block in call'
C:/Ruby32-x64/lib/ruby/3.2.0/set.rb:511:in `each_key'
C:/Ruby32-x64/lib/ruby/3.2.0/set.rb:511:in `each'
sprockets (4.2.1) lib/sprockets/bundle.rb:31:in `call'
sprockets (4.2.1) lib/sprockets/processor_utils.rb:84:in `call_processor'
sprockets (4.2.1) lib/sprockets/processor_utils.rb:66:in `block in call_processors'
sprockets (4.2.1) lib/sprockets/processor_utils.rb:65:in `reverse_each'
sprockets (4.2.1) lib/sprockets/processor_utils.rb:65:in `call_processors'
sprockets (4.2.1) lib/sprockets/loader.rb:184:in `load_from_unloaded'
sprockets (4.2.1) lib/sprockets/loader.rb:59:in `block in load'
sprockets (4.2.1) lib/sprockets/loader.rb:339:in `fetch_asset_from_dependency_cache'
sprockets (4.2.1) lib/sprockets/loader.rb:43:in `load'
sprockets (4.2.1) lib/sprockets/cached_environment.rb:44:in `block in load'
concurrent-ruby (1.2.3) lib/concurrent-ruby/concurrent/map.rb:207:in `block in fetch_or_store'
concurrent-ruby (1.2.3) lib/concurrent-ruby/concurrent/map.rb:187:in `fetch'
concurrent-ruby (1.2.3) lib/concurrent-ruby/concurrent/map.rb:206:in `fetch_or_store'
sprockets (4.2.1) lib/sprockets/cached_environment.rb:44:in `load'
sprockets (4.2.1) lib/sprockets/base.rb:81:in `find_asset'
sprockets (4.2.1) lib/sprockets/base.rb:88:in `find_all_linked_assets'
sprockets (4.2.1) lib/sprockets/manifest.rb:125:in `each'
sprockets (4.2.1) lib/sprockets/manifest.rb:125:in `to_a'
sprockets (4.2.1) lib/sprockets/manifest.rb:125:in `block (2 levels) in find'
concurrent-ruby (1.2.3) lib/concurrent-ruby/concurrent/executor/safe_task_executor.rb:24:in `block in execute'
concurrent-ruby (1.2.3) lib/concurrent-ruby/concurrent/synchronization/mutex_lockable_object.rb:48:in `block in synchronize'
concurrent-ruby (1.2.3) lib/concurrent-ruby/concurrent/synchronization/mutex_lockable_object.rb:48:in `synchronize'
concurrent-ruby (1.2.3) lib/concurrent-ruby/concurrent/synchronization/mutex_lockable_object.rb:48:in `synchronize'
concurrent-ruby (1.2.3) lib/concurrent-ruby/concurrent/executor/safe_task_executor.rb:22:in `execute'
concurrent-ruby (1.2.3) lib/concurrent-ruby/concurrent/promise.rb:564:in `block in realize'
concurrent-ruby (1.2.3) lib/concurrent-ruby/concurrent/executor/ruby_thread_pool_executor.rb:359:in `run_task'
concurrent-ruby (1.2.3) lib/concurrent-ruby/concurrent/executor/ruby_thread_pool_executor.rb:350:in `block (3 levels) in create_worker'
concurrent-ruby (1.2.3) lib/concurrent-ruby/concurrent/executor/ruby_thread_pool_executor.rb:341:in `loop'
concurrent-ruby (1.2.3) lib/concurrent-ruby/concurrent/executor/ruby_thread_pool_executor.rb:341:in `block (2 levels) in create_worker'
concurrent-ruby (1.2.3) lib/concurrent-ruby/concurrent/executor/ruby_thread_pool_executor.rb:340:in `catch'
concurrent-ruby (1.2.3) lib/concurrent-ruby/concurrent/executor/ruby_thread_pool_executor.rb:340:in `block in create_worker'
Started POST "/__web_console/repl_sessions/168c87221307b2b1f9ade1058134b0e7/trace" for 127.0.0.1 at 2024-04-19 17:55:29 +0300
DEPRECATION WARNING: `Rails.application.secrets` is deprecated in favor of `Rails.application.credentials` and will be removed in Rails 7.2. (called from <main> at E:/Nikita/Uni/Programming/3c2s/HealthHub-main/config/environment.rb:5)
Started GET "/" for 127.0.0.1 at 2024-04-19 17:55:55 +0300
  [1m[36mActiveRecord::SchemaMigration Load (0.1ms)[0m  [1m[34mSELECT "schema_migrations"."version" FROM "schema_migrations" ORDER BY "schema_migrations"."version" ASC[0m
Processing by HomeController#index as HTML
  Rendering layout layouts/application.html.erb
  Rendering home/index.html.erb within layouts/application
  Rendered home/index.html.erb within layouts/application (Duration: 6.9ms | Allocations: 3570)
  Rendered layout layouts/application.html.erb (Duration: 148.1ms | Allocations: 39682)
Completed 200 OK in 180ms (Views: 159.7ms | ActiveRecord: 0.0ms | Allocations: 44698)


Started GET "/doctors/sign_up" for 127.0.0.1 at 2024-04-19 17:55:57 +0300
Processing by Doctors::RegistrationsController#new as HTML
  Rendering layout layouts/application.html.erb
  Rendering doctors/registrations/new.html.erb within layouts/application
  Rendered doctors/registrations/new.html.erb within layouts/application (Duration: 48.6ms | Allocations: 3557)
  Rendered layout layouts/application.html.erb (Duration: 51.7ms | Allocations: 4769)
Completed 200 OK in 150ms (Views: 59.5ms | ActiveRecord: 1.8ms | Allocations: 22268)


Started GET "/patients/sign_up" for 127.0.0.1 at 2024-04-19 17:55:58 +0300
Processing by Patients::RegistrationsController#new as HTML
  Rendering layout layouts/application.html.erb
  Rendering patients/registrations/new.html.erb within layouts/application
  Rendered patients/registrations/new.html.erb within layouts/application (Duration: 2.0ms | Allocations: 1169)
  Rendered layout layouts/application.html.erb (Duration: 5.6ms | Allocations: 2312)
Completed 200 OK in 15ms (Views: 9.3ms | ActiveRecord: 0.3ms | Allocations: 6868)


Started GET "/doctors/sign_in" for 127.0.0.1 at 2024-04-19 17:55:59 +0300
Processing by Doctors::SessionsController#new as HTML
  Rendering layout layouts/application.html.erb
  Rendering doctors/sessions/new.html.erb within layouts/application
  Rendered doctors/sessions/new.html.erb within layouts/application (Duration: 1.5ms | Allocations: 844)
  Rendered layout layouts/application.html.erb (Duration: 4.2ms | Allocations: 1986)
Completed 200 OK in 12ms (Views: 8.8ms | ActiveRecord: 0.0ms | Allocations: 3104)


Started GET "/patients/sign_in" for 127.0.0.1 at 2024-04-19 17:56:00 +0300
Processing by Patients::SessionsController#new as HTML
  Rendering layout layouts/application.html.erb
  Rendering patients/sessions/new.html.erb within layouts/application
  Rendered patients/sessions/new.html.erb within layouts/application (Duration: 1.4ms | Allocations: 821)
  Rendered layout layouts/application.html.erb (Duration: 4.2ms | Allocations: 1963)
Completed 200 OK in 10ms (Views: 6.8ms | ActiveRecord: 0.0ms | Allocations: 2876)


Started GET "/patients/sign_in" for 127.0.0.1 at 2024-04-19 17:56:03 +0300
Processing by Patients::SessionsController#new as HTML
  Rendering layout layouts/application.html.erb
  Rendering patients/sessions/new.html.erb within layouts/application
  Rendered patients/sessions/new.html.erb within layouts/application (Duration: 0.8ms | Allocations: 499)
  Rendered layout layouts/application.html.erb (Duration: 3.6ms | Allocations: 1637)
Completed 200 OK in 6ms (Views: 4.4ms | ActiveRecord: 0.0ms | Allocations: 2293)


Started GET "/doctors/sign_in" for 127.0.0.1 at 2024-04-19 17:56:03 +0300
Processing by Doctors::SessionsController#new as HTML
  Rendering layout layouts/application.html.erb
  Rendering doctors/sessions/new.html.erb within layouts/application
  Rendered doctors/sessions/new.html.erb within layouts/application (Duration: 0.7ms | Allocations: 499)
  Rendered layout layouts/application.html.erb (Duration: 3.4ms | Allocations: 1637)
Completed 200 OK in 6ms (Views: 4.3ms | ActiveRecord: 0.0ms | Allocations: 2283)


Started GET "/patients/sign_up" for 127.0.0.1 at 2024-04-19 17:56:04 +0300
Processing by Patients::RegistrationsController#new as HTML
  Rendering layout layouts/application.html.erb
  Rendering patients/registrations/new.html.erb within layouts/application
  Rendered patients/registrations/new.html.erb within layouts/application (Duration: 1.2ms | Allocations: 713)
  Rendered layout layouts/application.html.erb (Duration: 4.4ms | Allocations: 1851)
Completed 200 OK in 7ms (Views: 5.4ms | ActiveRecord: 0.0ms | Allocations: 2545)


Started GET "/doctors/sign_up" for 127.0.0.1 at 2024-04-19 17:56:04 +0300
Processing by Doctors::RegistrationsController#new as HTML
  Rendering layout layouts/application.html.erb
  Rendering doctors/registrations/new.html.erb within layouts/application
  Rendered doctors/registrations/new.html.erb within layouts/application (Duration: 0.9ms | Allocations: 724)
  Rendered layout layouts/application.html.erb (Duration: 3.6ms | Allocations: 1862)
Completed 200 OK in 6ms (Views: 4.4ms | ActiveRecord: 0.0ms | Allocations: 2551)


Started GET "/patients/sign_up" for 127.0.0.1 at 2024-04-19 17:56:07 +0300
Processing by Patients::RegistrationsController#new as HTML
  Rendering layout layouts/application.html.erb
  Rendering patients/registrations/new.html.erb within layouts/application
  Rendered patients/registrations/new.html.erb within layouts/application (Duration: 0.9ms | Allocations: 713)
  Rendered layout layouts/application.html.erb (Duration: 3.8ms | Allocations: 1851)
Completed 200 OK in 7ms (Views: 4.7ms | ActiveRecord: 0.0ms | Allocations: 2536)


Started GET "/doctors/sign_in" for 127.0.0.1 at 2024-04-19 17:56:08 +0300
Processing by Doctors::SessionsController#new as HTML
  Rendering layout layouts/application.html.erb
  Rendering doctors/sessions/new.html.erb within layouts/application
  Rendered doctors/sessions/new.html.erb within layouts/application (Duration: 0.9ms | Allocations: 499)
  Rendered layout layouts/application.html.erb (Duration: 4.0ms | Allocations: 1637)
Completed 200 OK in 7ms (Views: 4.9ms | ActiveRecord: 0.0ms | Allocations: 2310)


Started POST "/doctors/sign_in" for 127.0.0.1 at 2024-04-19 17:56:22 +0300
Processing by Doctors::SessionsController#create as TURBO_STREAM
  Parameters: {"authenticity_token"=>"[FILTERED]", "doctor"=>{"email"=>"qwerty@gmail.com", "password"=>"[FILTERED]"}, "commit"=>"Войти"}
  [1m[36mDoctor Load (0.2ms)[0m  [1m[34mSELECT "doctors".* FROM "doctors" WHERE "doctors"."email" = ? ORDER BY "doctors"."id" ASC LIMIT ?[0m  [["email", "qwerty@gmail.com"], ["LIMIT", 1]]
Completed 401 Unauthorized in 93ms (ActiveRecord: 0.2ms | Allocations: 7185)


Processing by Doctors::SessionsController#new as TURBO_STREAM
  Parameters: {"authenticity_token"=>"[FILTERED]", "doctor"=>{"email"=>"qwerty@gmail.com", "password"=>"[FILTERED]"}, "commit"=>"Войти"}
  Rendering layout layouts/application.html.erb
  Rendering doctors/sessions/new.html.erb within layouts/application
  Rendered doctors/sessions/new.html.erb within layouts/application (Duration: 0.7ms | Allocations: 490)
  Rendered layout layouts/application.html.erb (Duration: 4.3ms | Allocations: 1640)
Completed 200 OK in 7ms (Views: 5.1ms | ActiveRecord: 0.0ms | Allocations: 2106)


Started GET "/" for 127.0.0.1 at 2024-04-19 17:56:24 +0300
Processing by HomeController#index as HTML
  Rendering layout layouts/application.html.erb
  Rendering home/index.html.erb within layouts/application
  Rendered home/index.html.erb within layouts/application (Duration: 0.5ms | Allocations: 462)
  Rendered layout layouts/application.html.erb (Duration: 4.0ms | Allocations: 1611)
Completed 200 OK in 6ms (Views: 4.7ms | ActiveRecord: 0.0ms | Allocations: 1883)


Started GET "/doctors/sign_in" for 127.0.0.1 at 2024-04-19 17:56:25 +0300
Processing by Doctors::SessionsController#new as HTML
  Rendering layout layouts/application.html.erb
  Rendering doctors/sessions/new.html.erb within layouts/application
  Rendered doctors/sessions/new.html.erb within layouts/application (Duration: 0.7ms | Allocations: 499)
  Rendered layout layouts/application.html.erb (Duration: 3.3ms | Allocations: 1637)
Completed 200 OK in 6ms (Views: 4.1ms | ActiveRecord: 0.0ms | Allocations: 2301)


Started GET "/patients/sign_in" for 127.0.0.1 at 2024-04-19 17:56:25 +0300
Processing by Patients::SessionsController#new as HTML
  Rendering layout layouts/application.html.erb
  Rendering patients/sessions/new.html.erb within layouts/application
  Rendered patients/sessions/new.html.erb within layouts/application (Duration: 1.0ms | Allocations: 499)
  Rendered layout layouts/application.html.erb (Duration: 4.3ms | Allocations: 1637)
Completed 200 OK in 7ms (Views: 5.2ms | ActiveRecord: 0.0ms | Allocations: 2316)


Started GET "/patients/sign_up" for 127.0.0.1 at 2024-04-19 17:56:26 +0300
Processing by Patients::RegistrationsController#new as HTML
  Rendering layout layouts/application.html.erb
  Rendering patients/registrations/new.html.erb within layouts/application
  Rendered patients/registrations/new.html.erb within layouts/application (Duration: 1.1ms | Allocations: 714)
  Rendered layout layouts/application.html.erb (Duration: 4.2ms | Allocations: 1852)
Completed 200 OK in 7ms (Views: 5.2ms | ActiveRecord: 0.0ms | Allocations: 2558)


Started GET "/doctors/sign_up" for 127.0.0.1 at 2024-04-19 17:56:27 +0300
Processing by Doctors::RegistrationsController#new as HTML
  Rendering layout layouts/application.html.erb
  Rendering doctors/registrations/new.html.erb within layouts/application
  Rendered doctors/registrations/new.html.erb within layouts/application (Duration: 1.1ms | Allocations: 724)
  Rendered layout layouts/application.html.erb (Duration: 4.3ms | Allocations: 1862)
Completed 200 OK in 7ms (Views: 5.3ms | ActiveRecord: 0.0ms | Allocations: 2536)


Started POST "/doctors" for 127.0.0.1 at 2024-04-19 17:56:33 +0300
Processing by Doctors::RegistrationsController#create as TURBO_STREAM
  Parameters: {"authenticity_token"=>"[FILTERED]", "doctor"=>{"email"=>"qwerty@gmail.com", "password"=>"[FILTERED]", "password_confirmation"=>"[FILTERED]"}, "commit"=>"Зарегистрироваться"}
Redirected to http://127.0.0.1:3000/doctors/sign_up
Filter chain halted as :check_email_domain rendered or redirected
Completed 302 Found in 3ms (ActiveRecord: 0.0ms | Allocations: 634)


Started GET "/doctors/sign_up" for 127.0.0.1 at 2024-04-19 17:56:33 +0300
Processing by Doctors::RegistrationsController#new as TURBO_STREAM
  Rendering layout layouts/application.html.erb
  Rendering doctors/registrations/new.html.erb within layouts/application
  Rendered doctors/registrations/new.html.erb within layouts/application (Duration: 1.0ms | Allocations: 735)
  Rendered layout layouts/application.html.erb (Duration: 3.9ms | Allocations: 1873)
Completed 200 OK in 7ms (Views: 4.7ms | ActiveRecord: 0.0ms | Allocations: 2582)


Started GET "/" for 127.0.0.1 at 2024-04-19 17:58:37 +0300
Processing by HomeController#index as HTML
  Rendering layout layouts/application.html.erb
  Rendering home/index.html.erb within layouts/application
  Rendered home/index.html.erb within layouts/application (Duration: 0.7ms | Allocations: 461)
  Rendered layout layouts/application.html.erb (Duration: 4.0ms | Allocations: 1600)
Completed 200 OK in 7ms (Views: 5.0ms | ActiveRecord: 0.0ms | Allocations: 1870)


Started GET "/patients/sign_up" for 127.0.0.1 at 2024-04-19 17:58:38 +0300
Processing by Patients::RegistrationsController#new as HTML
  Rendering layout layouts/application.html.erb
  Rendering patients/registrations/new.html.erb within layouts/application
  Rendered patients/registrations/new.html.erb within layouts/application (Duration: 1.0ms | Allocations: 713)
  Rendered layout layouts/application.html.erb (Duration: 3.9ms | Allocations: 1852)
Completed 200 OK in 7ms (Views: 4.7ms | ActiveRecord: 0.0ms | Allocations: 2539)


Started POST "/patients" for 127.0.0.1 at 2024-04-19 17:58:45 +0300
Processing by Patients::RegistrationsController#create as TURBO_STREAM
  Parameters: {"authenticity_token"=>"[FILTERED]", "patient"=>{"email"=>"lozhkin2021ks14@student.karazin.ua", "password"=>"[FILTERED]", "password_confirmation"=>"[FILTERED]"}, "commit"=>"Зарегистрироваться"}
  [1m[36mTRANSACTION (0.1ms)[0m  [1m[36mbegin transaction[0m
  [1m[36mPatient Exists? (1.7ms)[0m  [1m[34mSELECT 1 AS one FROM "patients" WHERE "patients"."email" = ? LIMIT ?[0m  [["email", "lozhkin2021ks14@student.karazin.ua"], ["LIMIT", 1]]
  [1m[36mPatient Create (0.2ms)[0m  [1m[32mINSERT INTO "patients" ("email", "encrypted_password", "reset_password_token", "reset_password_sent_at", "remember_created_at", "created_at", "updated_at") VALUES (?, ?, ?, ?, ?, ?, ?) RETURNING "id"[0m  [["email", "lozhkin2021ks14@student.karazin.ua"], ["encrypted_password", "[FILTERED]"], ["reset_password_token", "[FILTERED]"], ["reset_password_sent_at", "[FILTERED]"], ["remember_created_at", nil], ["created_at", "2024-04-19 14:58:45.932865"], ["updated_at", "2024-04-19 14:58:45.932865"]]
  [1m[36mTRANSACTION (59.2ms)[0m  [1m[36mcommit transaction[0m
Redirected to http://127.0.0.1:3000/
Completed 303 See Other in 423ms (ActiveRecord: 61.0ms | Allocations: 17177)


Started GET "/" for 127.0.0.1 at 2024-04-19 17:58:46 +0300
Processing by HomeController#index as TURBO_STREAM
  Rendering layout layouts/application.html.erb
  Rendering home/index.html.erb within layouts/application
  [1m[36mPatient Load (0.1ms)[0m  [1m[34mSELECT "patients".* FROM "patients" WHERE "patients"."id" = ? ORDER BY "patients"."id" ASC LIMIT ?[0m  [["id", 1], ["LIMIT", 1]]
  ↳ app/views/home/index.html.erb:33
  Rendered home/index.html.erb within layouts/application (Duration: 3.3ms | Allocations: 1260)
  Rendered layout layouts/application.html.erb (Duration: 6.2ms | Allocations: 2399)
Completed 200 OK in 8ms (Views: 6.9ms | ActiveRecord: 0.1ms | Allocations: 2672)


Started GET "/patients/sign_out" for 127.0.0.1 at 2024-04-19 17:58:53 +0300
Processing by Patients::SessionsController#destroy as HTML
  [1m[36mPatient Load (0.1ms)[0m  [1m[34mSELECT "patients".* FROM "patients" WHERE "patients"."id" = ? ORDER BY "patients"."id" ASC LIMIT ?[0m  [["id", 1], ["LIMIT", 1]]
Redirected to http://127.0.0.1:3000/
Completed 303 See Other in 24ms (ActiveRecord: 0.1ms | Allocations: 2662)


Started GET "/" for 127.0.0.1 at 2024-04-19 17:58:53 +0300
Processing by HomeController#index as HTML
  Rendering layout layouts/application.html.erb
  Rendering home/index.html.erb within layouts/application
  Rendered home/index.html.erb within layouts/application (Duration: 0.7ms | Allocations: 471)
  Rendered layout layouts/application.html.erb (Duration: 4.1ms | Allocations: 1628)
Completed 200 OK in 6ms (Views: 4.9ms | ActiveRecord: 0.0ms | Allocations: 1899)


Started GET "/doctors/sign_up" for 127.0.0.1 at 2024-04-19 17:58:57 +0300
Processing by Doctors::RegistrationsController#new as HTML
  Rendering layout layouts/application.html.erb
  Rendering doctors/registrations/new.html.erb within layouts/application
  Rendered doctors/registrations/new.html.erb within layouts/application (Duration: 1.3ms | Allocations: 724)
  Rendered layout layouts/application.html.erb (Duration: 4.0ms | Allocations: 1874)
Completed 200 OK in 7ms (Views: 4.7ms | ActiveRecord: 0.0ms | Allocations: 2578)


DEPRECATION WARNING: `Rails.application.secrets` is deprecated in favor of `Rails.application.credentials` and will be removed in Rails 7.2. (called from <main> at E:/Nikita/Uni/Programming/3c2s/HealthHub-main/config/environment.rb:5)
Started GET "/" for 127.0.0.1 at 2024-04-23 16:58:01 +0300
  [1m[36mActiveRecord::SchemaMigration Load (0.1ms)[0m  [1m[34mSELECT "schema_migrations"."version" FROM "schema_migrations" ORDER BY "schema_migrations"."version" ASC[0m
Processing by HomeController#index as HTML
  Rendering layout layouts/application.html.erb
  Rendering home/index.html.erb within layouts/application
  Rendered home/index.html.erb within layouts/application (Duration: 77.9ms | Allocations: 2502)
  Rendered layout layouts/application.html.erb (Duration: 580.1ms | Allocations: 36693)
Completed 200 OK in 878ms (Views: 634.2ms | ActiveRecord: 0.0ms | Allocations: 41709)


DEPRECATION WARNING: `Rails.application.secrets` is deprecated in favor of `Rails.application.credentials` and will be removed in Rails 7.2. (called from <main> at E:/Nikita/Uni/Programming/3c2s/HealthHub-main/config/environment.rb:5)
Started GET "/" for 127.0.0.1 at 2024-04-23 17:09:40 +0300
  [1m[36mActiveRecord::SchemaMigration Load (0.1ms)[0m  [1m[34mSELECT "schema_migrations"."version" FROM "schema_migrations" ORDER BY "schema_migrations"."version" ASC[0m
Processing by HomeController#index as HTML
  Rendering layout layouts/application.html.erb
  Rendering home/index.html.erb within layouts/application
  Rendered home/index.html.erb within layouts/application (Duration: 15.3ms | Allocations: 2490)
  Rendered layout layouts/application.html.erb (Duration: 77.5ms | Allocations: 36504)
Completed 200 OK in 107ms (Views: 86.4ms | ActiveRecord: 0.0ms | Allocations: 41520)


Started GET "/patients/sign_up" for 127.0.0.1 at 2024-04-23 17:09:43 +0300
Processing by Patients::RegistrationsController#new as HTML
  Rendering layout layouts/application.html.erb
  Rendering patients/registrations/new.html.erb within layouts/application
  Rendered patients/registrations/new.html.erb within layouts/application (Duration: 61.3ms | Allocations: 2561)
  Rendered layout layouts/application.html.erb (Duration: 63.9ms | Allocations: 3782)
Completed 200 OK in 117ms (Views: 71.8ms | ActiveRecord: 1.6ms | Allocations: 18196)


Started GET "/doctors/sign_in" for 127.0.0.1 at 2024-04-23 17:09:43 +0300
Processing by Doctors::SessionsController#new as HTML
  Rendering layout layouts/application.html.erb
  Rendering doctors/sessions/new.html.erb within layouts/application
  Rendered doctors/sessions/new.html.erb within layouts/application (Duration: 1.3ms | Allocations: 915)
  Rendered layout layouts/application.html.erb (Duration: 4.1ms | Allocations: 2056)
Completed 200 OK in 14ms (Views: 8.2ms | ActiveRecord: 0.2ms | Allocations: 6682)


Started GET "/patients/sign_in" for 127.0.0.1 at 2024-04-23 17:09:44 +0300
Processing by Patients::SessionsController#new as HTML
  Rendering layout layouts/application.html.erb
  Rendering patients/sessions/new.html.erb within layouts/application
  Rendered patients/sessions/new.html.erb within layouts/application (Duration: 1.2ms | Allocations: 821)
  Rendered layout layouts/application.html.erb (Duration: 3.8ms | Allocations: 1963)
Completed 200 OK in 9ms (Views: 6.5ms | ActiveRecord: 0.0ms | Allocations: 2882)


Started POST "/patients/sign_in" for 127.0.0.1 at 2024-04-23 17:09:52 +0300
Processing by Patients::SessionsController#create as TURBO_STREAM
  Parameters: {"authenticity_token"=>"[FILTERED]", "patient"=>{"email"=>"lozhkin2021ks14@student.karazin.ua", "password"=>"[FILTERED]"}, "commit"=>"Увійти"}
  [1m[36mPatient Load (0.1ms)[0m  [1m[34mSELECT "patients".* FROM "patients" WHERE "patients"."email" = ? ORDER BY "patients"."id" ASC LIMIT ?[0m  [["email", "lozhkin2021ks14@student.karazin.ua"], ["LIMIT", 1]]
Redirected to http://127.0.0.1:3000/
Completed 303 See Other in 387ms (ActiveRecord: 0.1ms | Allocations: 7538)


Started GET "/" for 127.0.0.1 at 2024-04-23 17:09:52 +0300
Processing by HomeController#index as TURBO_STREAM
  Rendering layout layouts/application.html.erb
  Rendering home/index.html.erb within layouts/application
  [1m[36mPatient Load (0.1ms)[0m  [1m[34mSELECT "patients".* FROM "patients" WHERE "patients"."id" = ? ORDER BY "patients"."id" ASC LIMIT ?[0m  [["id", 1], ["LIMIT", 1]]
  ↳ app/views/home/index.html.erb:33
  Rendered home/index.html.erb within layouts/application (Duration: 2.0ms | Allocations: 1049)
  Rendered layout layouts/application.html.erb (Duration: 4.7ms | Allocations: 2200)
Completed 200 OK in 7ms (Views: 5.5ms | ActiveRecord: 0.1ms | Allocations: 2511)


Started GET "/patients/sign_out" for 127.0.0.1 at 2024-04-23 17:09:56 +0300
Processing by Patients::SessionsController#destroy as HTML
  [1m[36mPatient Load (0.1ms)[0m  [1m[34mSELECT "patients".* FROM "patients" WHERE "patients"."id" = ? ORDER BY "patients"."id" ASC LIMIT ?[0m  [["id", 1], ["LIMIT", 1]]
Redirected to http://127.0.0.1:3000/
Completed 303 See Other in 29ms (ActiveRecord: 0.1ms | Allocations: 2536)


Started GET "/" for 127.0.0.1 at 2024-04-23 17:09:56 +0300
Processing by HomeController#index as HTML
  Rendering layout layouts/application.html.erb
  Rendering home/index.html.erb within layouts/application
  Rendered home/index.html.erb within layouts/application (Duration: 0.6ms | Allocations: 459)
  Rendered layout layouts/application.html.erb (Duration: 3.4ms | Allocations: 1602)
Completed 200 OK in 6ms (Views: 4.2ms | ActiveRecord: 0.0ms | Allocations: 1873)


Started GET "/patients/sign_up" for 127.0.0.1 at 2024-04-23 17:09:56 +0300
Processing by Patients::RegistrationsController#new as HTML
  Rendering layout layouts/application.html.erb
  Rendering patients/registrations/new.html.erb within layouts/application
  Rendered patients/registrations/new.html.erb within layouts/application (Duration: 1.0ms | Allocations: 714)
  Rendered layout layouts/application.html.erb (Duration: 3.5ms | Allocations: 1852)
Completed 200 OK in 6ms (Views: 4.2ms | ActiveRecord: 0.0ms | Allocations: 2583)


Started GET "/doctors/sign_up" for 127.0.0.1 at 2024-04-23 17:09:57 +0300
Processing by Doctors::RegistrationsController#new as HTML
  Rendering layout layouts/application.html.erb
  Rendering doctors/registrations/new.html.erb within layouts/application
  Rendered doctors/registrations/new.html.erb within layouts/application (Duration: 1.6ms | Allocations: 1168)
  Rendered layout layouts/application.html.erb (Duration: 4.1ms | Allocations: 2309)
Completed 200 OK in 9ms (Views: 7.3ms | ActiveRecord: 0.0ms | Allocations: 3363)


Started GET "/patients/sign_up" for 127.0.0.1 at 2024-04-23 17:09:58 +0300
Processing by Patients::RegistrationsController#new as HTML
  Rendering layout layouts/application.html.erb
  Rendering patients/registrations/new.html.erb within layouts/application
  Rendered patients/registrations/new.html.erb within layouts/application (Duration: 0.9ms | Allocations: 713)
  Rendered layout layouts/application.html.erb (Duration: 3.5ms | Allocations: 1851)
Completed 200 OK in 6ms (Views: 4.3ms | ActiveRecord: 0.0ms | Allocations: 2554)


Started GET "/doctors/sign_in" for 127.0.0.1 at 2024-04-23 17:09:59 +0300
Processing by Doctors::SessionsController#new as HTML
  Rendering layout layouts/application.html.erb
  Rendering doctors/sessions/new.html.erb within layouts/application
  Rendered doctors/sessions/new.html.erb within layouts/application (Duration: 0.7ms | Allocations: 499)
  Rendered layout layouts/application.html.erb (Duration: 3.2ms | Allocations: 1637)
Completed 200 OK in 6ms (Views: 3.9ms | ActiveRecord: 0.0ms | Allocations: 2286)


Started POST "/doctors/sign_in" for 127.0.0.1 at 2024-04-23 17:10:04 +0300
Processing by Doctors::SessionsController#create as TURBO_STREAM
  Parameters: {"authenticity_token"=>"[FILTERED]", "doctor"=>{"email"=>"lozhkin2021ks14@student.karazin.ua", "password"=>"[FILTERED]"}, "commit"=>"Увійти"}
  [1m[36mDoctor Load (0.1ms)[0m  [1m[34mSELECT "doctors".* FROM "doctors" WHERE "doctors"."email" = ? ORDER BY "doctors"."id" ASC LIMIT ?[0m  [["email", "lozhkin2021ks14@student.karazin.ua"], ["LIMIT", 1]]
Completed 401 Unauthorized in 4ms (ActiveRecord: 0.1ms | Allocations: 1846)


Processing by Doctors::SessionsController#new as TURBO_STREAM
  Parameters: {"authenticity_token"=>"[FILTERED]", "doctor"=>{"email"=>"lozhkin2021ks14@student.karazin.ua", "password"=>"[FILTERED]"}, "commit"=>"Увійти"}
  Rendering layout layouts/application.html.erb
  Rendering doctors/sessions/new.html.erb within layouts/application
  Rendered doctors/sessions/new.html.erb within layouts/application (Duration: 0.6ms | Allocations: 490)
  Rendered layout layouts/application.html.erb (Duration: 7.0ms | Allocations: 1625)
Completed 200 OK in 9ms (Views: 7.8ms | ActiveRecord: 0.0ms | Allocations: 2053)


Started GET "/" for 127.0.0.1 at 2024-04-23 17:10:10 +0300
Processing by HomeController#index as HTML
  Rendering layout layouts/application.html.erb
  Rendering home/index.html.erb within layouts/application
  Rendered home/index.html.erb within layouts/application (Duration: 0.5ms | Allocations: 471)
  Rendered layout layouts/application.html.erb (Duration: 3.6ms | Allocations: 1611)
Completed 200 OK in 6ms (Views: 4.3ms | ActiveRecord: 0.0ms | Allocations: 1879)


Started GET "/doctors/sign_up" for 127.0.0.1 at 2024-04-23 17:10:12 +0300
Processing by Doctors::RegistrationsController#new as HTML
  Rendering layout layouts/application.html.erb
  Rendering doctors/registrations/new.html.erb within layouts/application
  Rendered doctors/registrations/new.html.erb within layouts/application (Duration: 1.1ms | Allocations: 724)
  Rendered layout layouts/application.html.erb (Duration: 3.8ms | Allocations: 1862)
Completed 200 OK in 7ms (Views: 4.6ms | ActiveRecord: 0.0ms | Allocations: 2529)


Started POST "/doctors" for 127.0.0.1 at 2024-04-23 17:10:23 +0300
Processing by Doctors::RegistrationsController#create as TURBO_STREAM
  Parameters: {"authenticity_token"=>"[FILTERED]", "doctor"=>{"email"=>"lozhkin2021ks14@student.karazin.ua", "password"=>"[FILTERED]", "password_confirmation"=>"[FILTERED]"}, "commit"=>"Зареєструватися"}
Redirected to http://127.0.0.1:3000/doctors/sign_up
Filter chain halted as :check_email_domain rendered or redirected
Completed 302 Found in 3ms (ActiveRecord: 0.0ms | Allocations: 592)


Started GET "/doctors/sign_up" for 127.0.0.1 at 2024-04-23 17:10:23 +0300
Processing by Doctors::RegistrationsController#new as TURBO_STREAM
  Rendering layout layouts/application.html.erb
  Rendering doctors/registrations/new.html.erb within layouts/application
  Rendered doctors/registrations/new.html.erb within layouts/application (Duration: 0.9ms | Allocations: 733)
  Rendered layout layouts/application.html.erb (Duration: 3.7ms | Allocations: 1873)
Completed 200 OK in 7ms (Views: 4.5ms | ActiveRecord: 0.0ms | Allocations: 2591)


Started POST "/doctors" for 127.0.0.1 at 2024-04-23 17:10:34 +0300
Processing by Doctors::RegistrationsController#create as TURBO_STREAM
  Parameters: {"authenticity_token"=>"[FILTERED]", "doctor"=>{"email"=>"lozhkin2021ks14@student.karazin.ua", "password"=>"[FILTERED]", "password_confirmation"=>"[FILTERED]"}, "commit"=>"Зареєструватися"}
Redirected to http://127.0.0.1:3000/doctors/sign_up
Filter chain halted as :check_email_domain rendered or redirected
Completed 302 Found in 3ms (ActiveRecord: 0.0ms | Allocations: 536)


Started GET "/doctors/sign_up" for 127.0.0.1 at 2024-04-23 17:10:34 +0300
Processing by Doctors::RegistrationsController#new as TURBO_STREAM
  Rendering layout layouts/application.html.erb
  Rendering doctors/registrations/new.html.erb within layouts/application
  Rendered doctors/registrations/new.html.erb within layouts/application (Duration: 1.1ms | Allocations: 730)
  Rendered layout layouts/application.html.erb (Duration: 3.5ms | Allocations: 1868)
Completed 200 OK in 6ms (Views: 4.3ms | ActiveRecord: 0.0ms | Allocations: 2597)


DEPRECATION WARNING: `Rails.application.secrets` is deprecated in favor of `Rails.application.credentials` and will be removed in Rails 7.2. (called from <main> at E:/Nikita/Uni/Programming/3c2s/HealthHub-main/config/environment.rb:5)
Started GET "/" for 127.0.0.1 at 2024-04-23 17:13:01 +0300
  [1m[36mActiveRecord::SchemaMigration Load (0.1ms)[0m  [1m[34mSELECT "schema_migrations"."version" FROM "schema_migrations" ORDER BY "schema_migrations"."version" ASC[0m
Processing by HomeController#index as HTML
  Rendering layout layouts/application.html.erb
  Rendering home/index.html.erb within layouts/application
  Rendered home/index.html.erb within layouts/application (Duration: 12.4ms | Allocations: 2502)
  Rendered layout layouts/application.html.erb (Duration: 66.2ms | Allocations: 36603)
Completed 200 OK in 93ms (Views: 75.0ms | ActiveRecord: 0.0ms | Allocations: 41619)


Started GET "/doctors/sign_in" for 127.0.0.1 at 2024-04-23 17:13:05 +0300
Processing by Doctors::SessionsController#new as HTML
  Rendering layout layouts/application.html.erb
  Rendering doctors/sessions/new.html.erb within layouts/application
  Rendered doctors/sessions/new.html.erb within layouts/application (Duration: 8.2ms | Allocations: 1944)
  Rendered layout layouts/application.html.erb (Duration: 10.9ms | Allocations: 3165)
Completed 200 OK in 54ms (Views: 18.4ms | ActiveRecord: 1.7ms | Allocations: 17511)


Started GET "/patients/sign_in" for 127.0.0.1 at 2024-04-23 17:13:05 +0300
Processing by Patients::SessionsController#new as HTML
  Rendering layout layouts/application.html.erb
  Rendering patients/sessions/new.html.erb within layouts/application
  Rendered patients/sessions/new.html.erb within layouts/application (Duration: 1.5ms | Allocations: 892)
  Rendered layout layouts/application.html.erb (Duration: 4.1ms | Allocations: 2034)
Completed 200 OK in 12ms (Views: 6.6ms | ActiveRecord: 0.2ms | Allocations: 6454)


Started POST "/patients/sign_in" for 127.0.0.1 at 2024-04-23 17:13:11 +0300
Processing by Patients::SessionsController#create as TURBO_STREAM
  Parameters: {"authenticity_token"=>"[FILTERED]", "patient"=>{"email"=>"lozhkin2021ks14@student.karazin.ua", "password"=>"[FILTERED]"}, "commit"=>"Увійти"}
  [1m[36mPatient Load (0.1ms)[0m  [1m[34mSELECT "patients".* FROM "patients" WHERE "patients"."email" = ? ORDER BY "patients"."id" ASC LIMIT ?[0m  [["email", "lozhkin2021ks14@student.karazin.ua"], ["LIMIT", 1]]
Redirected to http://127.0.0.1:3000/
Completed 303 See Other in 213ms (ActiveRecord: 0.1ms | Allocations: 7566)


Started GET "/" for 127.0.0.1 at 2024-04-23 17:13:12 +0300
Processing by HomeController#index as TURBO_STREAM
  Rendering layout layouts/application.html.erb
  Rendering home/index.html.erb within layouts/application
  [1m[36mPatient Load (0.1ms)[0m  [1m[34mSELECT "patients".* FROM "patients" WHERE "patients"."id" = ? ORDER BY "patients"."id" ASC LIMIT ?[0m  [["id", 1], ["LIMIT", 1]]
  ↳ app/views/home/index.html.erb:33
  Rendered home/index.html.erb within layouts/application (Duration: 1.8ms | Allocations: 1058)
  Rendered layout layouts/application.html.erb (Duration: 4.4ms | Allocations: 2209)
Completed 200 OK in 6ms (Views: 5.0ms | ActiveRecord: 0.1ms | Allocations: 2520)


Started GET "/patients/sign_out" for 127.0.0.1 at 2024-04-23 17:13:14 +0300
Processing by Patients::SessionsController#destroy as HTML
  [1m[36mPatient Load (0.1ms)[0m  [1m[34mSELECT "patients".* FROM "patients" WHERE "patients"."id" = ? ORDER BY "patients"."id" ASC LIMIT ?[0m  [["id", 1], ["LIMIT", 1]]
Redirected to http://127.0.0.1:3000/
Completed 303 See Other in 7ms (ActiveRecord: 0.1ms | Allocations: 2503)


Started GET "/" for 127.0.0.1 at 2024-04-23 17:13:14 +0300
Processing by HomeController#index as HTML
  Rendering layout layouts/application.html.erb
  Rendering home/index.html.erb within layouts/application
  Rendered home/index.html.erb within layouts/application (Duration: 0.6ms | Allocations: 459)
  Rendered layout layouts/application.html.erb (Duration: 3.1ms | Allocations: 1602)
Completed 200 OK in 5ms (Views: 3.9ms | ActiveRecord: 0.0ms | Allocations: 1873)


Started GET "/patients/sign_in" for 127.0.0.1 at 2024-04-23 17:13:19 +0300
Processing by Patients::SessionsController#new as HTML
  Rendering layout layouts/application.html.erb
  Rendering patients/sessions/new.html.erb within layouts/application
  Rendered patients/sessions/new.html.erb within layouts/application (Duration: 0.7ms | Allocations: 499)
  Rendered layout layouts/application.html.erb (Duration: 3.2ms | Allocations: 1637)
Completed 200 OK in 6ms (Views: 4.0ms | ActiveRecord: 0.0ms | Allocations: 2309)


Started POST "/patients/sign_in" for 127.0.0.1 at 2024-04-23 17:13:24 +0300
Processing by Patients::SessionsController#create as TURBO_STREAM
  Parameters: {"authenticity_token"=>"[FILTERED]", "patient"=>{"email"=>"lozhkin2021ks14@student.karazin.ua", "password"=>"[FILTERED]"}, "commit"=>"Увійти"}
  [1m[36mPatient Load (0.1ms)[0m  [1m[34mSELECT "patients".* FROM "patients" WHERE "patients"."email" = ? ORDER BY "patients"."id" ASC LIMIT ?[0m  [["email", "lozhkin2021ks14@student.karazin.ua"], ["LIMIT", 1]]
Redirected to http://127.0.0.1:3000/
Completed 303 See Other in 185ms (ActiveRecord: 0.1ms | Allocations: 2453)


Started GET "/" for 127.0.0.1 at 2024-04-23 17:13:24 +0300
Processing by HomeController#index as TURBO_STREAM
  Rendering layout layouts/application.html.erb
  Rendering home/index.html.erb within layouts/application
  [1m[36mPatient Load (0.1ms)[0m  [1m[34mSELECT "patients".* FROM "patients" WHERE "patients"."id" = ? ORDER BY "patients"."id" ASC LIMIT ?[0m  [["id", 1], ["LIMIT", 1]]
  ↳ app/views/home/index.html.erb:33
  Rendered home/index.html.erb within layouts/application (Duration: 1.9ms | Allocations: 975)
  Rendered layout layouts/application.html.erb (Duration: 4.5ms | Allocations: 2117)
Completed 200 OK in 7ms (Views: 5.2ms | ActiveRecord: 0.1ms | Allocations: 2390)


Started GET "/patients/sign_out" for 127.0.0.1 at 2024-04-23 17:13:27 +0300
Processing by Patients::SessionsController#destroy as HTML
  [1m[36mPatient Load (0.1ms)[0m  [1m[34mSELECT "patients".* FROM "patients" WHERE "patients"."id" = ? ORDER BY "patients"."id" ASC LIMIT ?[0m  [["id", 1], ["LIMIT", 1]]
Redirected to http://127.0.0.1:3000/
Completed 303 See Other in 4ms (ActiveRecord: 0.1ms | Allocations: 1756)


Started GET "/" for 127.0.0.1 at 2024-04-23 17:13:27 +0300
Processing by HomeController#index as HTML
  Rendering layout layouts/application.html.erb
  Rendering home/index.html.erb within layouts/application
  Rendered home/index.html.erb within layouts/application (Duration: 0.5ms | Allocations: 480)
  Rendered layout layouts/application.html.erb (Duration: 2.7ms | Allocations: 1622)
Completed 200 OK in 4ms (Views: 3.2ms | ActiveRecord: 0.0ms | Allocations: 1892)


DEPRECATION WARNING: `Rails.application.secrets` is deprecated in favor of `Rails.application.credentials` and will be removed in Rails 7.2. (called from <main> at E:/Nikita/Uni/Programming/3c2s/HealthHub-main/config/environment.rb:5)
DEPRECATION WARNING: `Rails.application.secrets` is deprecated in favor of `Rails.application.credentials` and will be removed in Rails 7.2. (called from <main> at E:/Nikita/Uni/Programming/3c2s/HealthHub-main/config/environment.rb:5)
Started GET "/" for 127.0.0.1 at 2024-04-23 17:35:24 +0300
  [1m[36mActiveRecord::SchemaMigration Load (0.1ms)[0m  [1m[34mSELECT "schema_migrations"."version" FROM "schema_migrations" ORDER BY "schema_migrations"."version" ASC[0m
Processing by HomeController#index as HTML
  Rendering layout layouts/application.html.erb
  Rendering home/index.html.erb within layouts/application
  Rendered home/index.html.erb within layouts/application (Duration: 62.1ms | Allocations: 2527)
  Rendered layout layouts/application.html.erb (Duration: 473.9ms | Allocations: 36545)
Completed 200 OK in 671ms (Views: 518.2ms | ActiveRecord: 0.0ms | Allocations: 41562)


DEPRECATION WARNING: `Rails.application.secrets` is deprecated in favor of `Rails.application.credentials` and will be removed in Rails 7.2. (called from <main> at E:/Nikita/Uni/Programming/3c2s/HealthHub-main/config/environment.rb:5)
DEPRECATION WARNING: `Rails.application.secrets` is deprecated in favor of `Rails.application.credentials` and will be removed in Rails 7.2. (called from <main> at E:/Nikita/Uni/Programming/3c2s/HealthHub-main/config/environment.rb:5)
DEPRECATION WARNING: `Rails.application.secrets` is deprecated in favor of `Rails.application.credentials` and will be removed in Rails 7.2. (called from <main> at E:/Nikita/Uni/Programming/3c2s/HealthHub-main/config/environment.rb:5)
DEPRECATION WARNING: `Rails.application.secrets` is deprecated in favor of `Rails.application.credentials` and will be removed in Rails 7.2. (called from <main> at E:/Nikita/Uni/Programming/3c2s/HealthHub-main/config/environment.rb:5)
DEPRECATION WARNING: `Rails.application.secrets` is deprecated in favor of `Rails.application.credentials` and will be removed in Rails 7.2. (called from <main> at E:/Nikita/Uni/Programming/3c2s/HealthHub-main/config/environment.rb:5)
DEPRECATION WARNING: `Rails.application.secrets` is deprecated in favor of `Rails.application.credentials` and will be removed in Rails 7.2. (called from <main> at E:/Nikita/Uni/Programming/3c2s/HealthHub-main/config/environment.rb:5)
DEPRECATION WARNING: `Rails.application.secrets` is deprecated in favor of `Rails.application.credentials` and will be removed in Rails 7.2. (called from <main> at E:/Nikita/Uni/Programming/3c2s/HealthHub-main/config/environment.rb:5)
DEPRECATION WARNING: `Rails.application.secrets` is deprecated in favor of `Rails.application.credentials` and will be removed in Rails 7.2. (called from <main> at E:/Nikita/Uni/Programming/3c2s/HealthHub-main/config/environment.rb:5)
DEPRECATION WARNING: `Rails.application.secrets` is deprecated in favor of `Rails.application.credentials` and will be removed in Rails 7.2. (called from <main> at E:/Nikita/Uni/Programming/3c2s/HealthHub-main/config/environment.rb:5)
Started GET "/" for 127.0.0.1 at 2024-04-23 18:32:24 +0300
  [1m[36mActiveRecord::SchemaMigration Load (0.1ms)[0m  [1m[34mSELECT "schema_migrations"."version" FROM "schema_migrations" ORDER BY "schema_migrations"."version" ASC[0m
  
ActiveRecord::PendingMigrationError (

Migrations are pending. To resolve this issue, run:

        bin/rails db:migrate

You have 1 pending migration:

db/migrate/20240423145858_create_hospitals.rb


):
  
activerecord (7.1.3.2) lib/active_record/migration.rb:755:in `check_pending_migrations'
activerecord (7.1.3.2) lib/active_record/migration.rb:644:in `block (2 levels) in call'
activesupport (7.1.3.2) lib/active_support/file_update_checker.rb:85:in `execute'
activerecord (7.1.3.2) lib/active_record/migration.rb:649:in `block in call'
activerecord (7.1.3.2) lib/active_record/migration.rb:641:in `synchronize'
activerecord (7.1.3.2) lib/active_record/migration.rb:641:in `call'
actionpack (7.1.3.2) lib/action_dispatch/middleware/callbacks.rb:29:in `block in call'
activesupport (7.1.3.2) lib/active_support/callbacks.rb:101:in `run_callbacks'
actionpack (7.1.3.2) lib/action_dispatch/middleware/callbacks.rb:28:in `call'
actionpack (7.1.3.2) lib/action_dispatch/middleware/executor.rb:14:in `call'
actionpack (7.1.3.2) lib/action_dispatch/middleware/actionable_exceptions.rb:16:in `call'
actionpack (7.1.3.2) lib/action_dispatch/middleware/debug_exceptions.rb:29:in `call'
web-console (4.2.1) lib/web_console/middleware.rb:132:in `call_app'
web-console (4.2.1) lib/web_console/middleware.rb:28:in `block in call'
web-console (4.2.1) lib/web_console/middleware.rb:17:in `catch'
web-console (4.2.1) lib/web_console/middleware.rb:17:in `call'
actionpack (7.1.3.2) lib/action_dispatch/middleware/show_exceptions.rb:31:in `call'
railties (7.1.3.2) lib/rails/rack/logger.rb:37:in `call_app'
railties (7.1.3.2) lib/rails/rack/logger.rb:24:in `block in call'
activesupport (7.1.3.2) lib/active_support/tagged_logging.rb:135:in `block in tagged'
activesupport (7.1.3.2) lib/active_support/tagged_logging.rb:39:in `tagged'
activesupport (7.1.3.2) lib/active_support/tagged_logging.rb:135:in `tagged'
activesupport (7.1.3.2) lib/active_support/broadcast_logger.rb:240:in `method_missing'
railties (7.1.3.2) lib/rails/rack/logger.rb:24:in `call'
sprockets-rails (3.4.2) lib/sprockets/rails/quiet_assets.rb:13:in `call'
actionpack (7.1.3.2) lib/action_dispatch/middleware/remote_ip.rb:92:in `call'
actionpack (7.1.3.2) lib/action_dispatch/middleware/request_id.rb:28:in `call'
rack (3.0.10) lib/rack/method_override.rb:28:in `call'
rack (3.0.10) lib/rack/runtime.rb:24:in `call'
activesupport (7.1.3.2) lib/active_support/cache/strategy/local_cache_middleware.rb:29:in `call'
actionpack (7.1.3.2) lib/action_dispatch/middleware/server_timing.rb:59:in `block in call'
actionpack (7.1.3.2) lib/action_dispatch/middleware/server_timing.rb:24:in `collect_events'
actionpack (7.1.3.2) lib/action_dispatch/middleware/server_timing.rb:58:in `call'
actionpack (7.1.3.2) lib/action_dispatch/middleware/executor.rb:14:in `call'
actionpack (7.1.3.2) lib/action_dispatch/middleware/static.rb:25:in `call'
rack (3.0.10) lib/rack/sendfile.rb:114:in `call'
actionpack (7.1.3.2) lib/action_dispatch/middleware/host_authorization.rb:141:in `call'
railties (7.1.3.2) lib/rails/engine.rb:536:in `call'
puma (6.4.2) lib/puma/configuration.rb:272:in `call'
puma (6.4.2) lib/puma/request.rb:100:in `block in handle_request'
puma (6.4.2) lib/puma/thread_pool.rb:378:in `with_force_shutdown'
puma (6.4.2) lib/puma/request.rb:99:in `handle_request'
puma (6.4.2) lib/puma/server.rb:464:in `process_client'
puma (6.4.2) lib/puma/server.rb:245:in `block in run'
puma (6.4.2) lib/puma/thread_pool.rb:155:in `block in spawn_thread'
Started POST "/rails/actions" for 127.0.0.1 at 2024-04-23 18:32:27 +0300
  [1m[36mActiveRecord::InternalMetadata Load (0.1ms)[0m  [1m[34mSELECT * FROM "ar_internal_metadata" WHERE "ar_internal_metadata"."key" = ? ORDER BY "ar_internal_metadata"."key" ASC LIMIT 1[0m  [[nil, "environment"]]
  [1m[36mActiveRecord::SchemaMigration Load (0.1ms)[0m  [1m[34mSELECT "schema_migrations"."version" FROM "schema_migrations" ORDER BY "schema_migrations"."version" ASC[0m
Migrating to CreateHospitals (20240423145858)
  [1m[36mTRANSACTION (0.0ms)[0m  [1m[36mbegin transaction[0m
  [1m[35m (2.5ms)[0m  [1m[35mCREATE TABLE "hospitals" ("id" integer PRIMARY KEY AUTOINCREMENT NOT NULL, "rank" integer, "name" varchar, "country" varchar, "city" varchar, "state" varchar, "created_at" datetime(6) NOT NULL, "updated_at" datetime(6) NOT NULL)[0m
  [1m[36mActiveRecord::SchemaMigration Create (0.1ms)[0m  [1m[32mINSERT INTO "schema_migrations" ("version") VALUES ('20240423145858') RETURNING "version"[0m
  [1m[36mTRANSACTION (55.0ms)[0m  [1m[36mcommit transaction[0m
  [1m[36mActiveRecord::SchemaMigration Load (0.0ms)[0m  [1m[34mSELECT "schema_migrations"."version" FROM "schema_migrations" ORDER BY "schema_migrations"."version" ASC[0m
Started GET "/" for 127.0.0.1 at 2024-04-23 18:32:27 +0300
  [1m[36mActiveRecord::SchemaMigration Load (0.1ms)[0m  [1m[34mSELECT "schema_migrations"."version" FROM "schema_migrations" ORDER BY "schema_migrations"."version" ASC[0m
Processing by HomeController#index as HTML
  Rendering layout layouts/application.html.erb
  Rendering home/index.html.erb within layouts/application
  [1m[36mHospital Load (0.1ms)[0m  [1m[34mSELECT "hospitals".* FROM "hospitals"[0m
  ↳ app/views/home/index.html.erb:46
  Rendered home/index.html.erb within layouts/application (Duration: 14.5ms | Allocations: 3317)
  Rendered layout layouts/application.html.erb (Duration: 65.7ms | Allocations: 37394)
Completed 200 OK in 152ms (Views: 68.6ms | ActiveRecord: 1.3ms | Allocations: 41333)


DEPRECATION WARNING: `Rails.application.secrets` is deprecated in favor of `Rails.application.credentials` and will be removed in Rails 7.2. (called from <main> at E:/Nikita/Uni/Programming/3c2s/HealthHub-main/config/environment.rb:5)
Started GET "/" for 127.0.0.1 at 2024-04-23 18:33:50 +0300
  [1m[36mActiveRecord::SchemaMigration Load (0.1ms)[0m  [1m[34mSELECT "schema_migrations"."version" FROM "schema_migrations" ORDER BY "schema_migrations"."version" ASC[0m
Processing by HomeController#index as HTML
  Rendering layout layouts/application.html.erb
  Rendering home/index.html.erb within layouts/application
  [1m[36mHospital Load (0.1ms)[0m  [1m[34mSELECT "hospitals".* FROM "hospitals"[0m
  ↳ app/views/home/index.html.erb:47
  Rendered home/index.html.erb within layouts/application (Duration: 14.2ms | Allocations: 3489)
  Rendered layout layouts/application.html.erb (Duration: 73.7ms | Allocations: 37592)
Completed 200 OK in 120ms (Views: 81.2ms | ActiveRecord: 1.4ms | Allocations: 44517)


DEPRECATION WARNING: `Rails.application.secrets` is deprecated in favor of `Rails.application.credentials` and will be removed in Rails 7.2. (called from <main> at E:/Nikita/Uni/Programming/3c2s/HealthHub-main/config/environment.rb:5)
DEPRECATION WARNING: `Rails.application.secrets` is deprecated in favor of `Rails.application.credentials` and will be removed in Rails 7.2. (called from <main> at E:/Nikita/Uni/Programming/3c2s/HealthHub-main/config/environment.rb:5)
DEPRECATION WARNING: `Rails.application.secrets` is deprecated in favor of `Rails.application.credentials` and will be removed in Rails 7.2. (called from <main> at E:/Nikita/Uni/Programming/3c2s/HealthHub-main/config/environment.rb:5)
DEPRECATION WARNING: `Rails.application.secrets` is deprecated in favor of `Rails.application.credentials` and will be removed in Rails 7.2. (called from <main> at E:/Nikita/Uni/Programming/3c2s/HealthHub-main/config/environment.rb:5)
Started GET "/" for 127.0.0.1 at 2024-04-23 19:16:34 +0300
  [1m[36mActiveRecord::SchemaMigration Load (0.1ms)[0m  [1m[34mSELECT "schema_migrations"."version" FROM "schema_migrations" ORDER BY "schema_migrations"."version" ASC[0m
Processing by HomeController#index as HTML
  Rendering layout layouts/application.html.erb
  Rendering home/index.html.erb within layouts/application
  [1m[36mHospital Load (0.1ms)[0m  [1m[34mSELECT "hospitals".* FROM "hospitals"[0m
  ↳ app/views/home/index.html.erb:47
  Rendered home/index.html.erb within layouts/application (Duration: 16.7ms | Allocations: 3505)
  Rendered layout layouts/application.html.erb (Duration: 82.9ms | Allocations: 37672)
Completed 200 OK in 125ms (Views: 91.7ms | ActiveRecord: 1.5ms | Allocations: 44588)


DEPRECATION WARNING: `Rails.application.secrets` is deprecated in favor of `Rails.application.credentials` and will be removed in Rails 7.2. (called from <main> at E:/Nikita/Uni/Programming/3c2s/HealthHub-main/config/environment.rb:5)
DEPRECATION WARNING: `Rails.application.secrets` is deprecated in favor of `Rails.application.credentials` and will be removed in Rails 7.2. (called from <main> at E:/Nikita/Uni/Programming/3c2s/HealthHub-main/config/environment.rb:5)
  [1m[36mActiveRecord::InternalMetadata Load (0.1ms)[0m  [1m[34mSELECT * FROM "ar_internal_metadata" WHERE "ar_internal_metadata"."key" = ? ORDER BY "ar_internal_metadata"."key" ASC LIMIT 1[0m  [[nil, "environment"]]
  [1m[36mActiveRecord::SchemaMigration Load (0.1ms)[0m  [1m[34mSELECT "schema_migrations"."version" FROM "schema_migrations" ORDER BY "schema_migrations"."version" ASC[0m
  [1m[36mActiveRecord::SchemaMigration Load (0.0ms)[0m  [1m[34mSELECT "schema_migrations"."version" FROM "schema_migrations" ORDER BY "schema_migrations"."version" ASC[0m
DEPRECATION WARNING: `Rails.application.secrets` is deprecated in favor of `Rails.application.credentials` and will be removed in Rails 7.2. (called from <main> at E:/Nikita/Uni/Programming/3c2s/HealthHub-main/config/environment.rb:5)
  [1m[36mHospital Load (0.1ms)[0m  [1m[34mSELECT "hospitals".* FROM "hospitals" /* loading for pp */ LIMIT ?[0m  [["LIMIT", 11]]
DEPRECATION WARNING: `Rails.application.secrets` is deprecated in favor of `Rails.application.credentials` and will be removed in Rails 7.2. (called from <main> at E:/Nikita/Uni/Programming/3c2s/HealthHub-main/config/environment.rb:5)
Started GET "/" for 127.0.0.1 at 2024-04-23 19:48:34 +0300
  [1m[36mActiveRecord::SchemaMigration Load (0.1ms)[0m  [1m[34mSELECT "schema_migrations"."version" FROM "schema_migrations" ORDER BY "schema_migrations"."version" ASC[0m
Processing by HomeController#index as HTML
  Rendering layout layouts/application.html.erb
  Rendering home/index.html.erb within layouts/application
  [1m[36mHospital Load (0.1ms)[0m  [1m[34mSELECT "hospitals".* FROM "hospitals"[0m
  ↳ app/views/home/index.html.erb:47
  Rendered home/index.html.erb within layouts/application (Duration: 16.2ms | Allocations: 3498)
  Rendered layout layouts/application.html.erb (Duration: 78.3ms | Allocations: 37531)
Completed 200 OK in 127ms (Views: 86.0ms | ActiveRecord: 1.9ms | Allocations: 44449)


Started GET "/patients/sign_in" for 127.0.0.1 at 2024-04-23 19:48:36 +0300
Processing by Patients::SessionsController#new as HTML
  Rendering layout layouts/application.html.erb
  Rendering patients/sessions/new.html.erb within layouts/application
  Rendered patients/sessions/new.html.erb within layouts/application (Duration: 30.9ms | Allocations: 1941)
  Rendered layout layouts/application.html.erb (Duration: 33.7ms | Allocations: 3147)
Completed 200 OK in 89ms (Views: 40.8ms | ActiveRecord: 0.3ms | Allocations: 17100)


Started GET "/patients/sign_in" for 127.0.0.1 at 2024-04-23 19:48:37 +0300
Processing by Patients::SessionsController#new as HTML
  Rendering layout layouts/application.html.erb
  Rendering patients/sessions/new.html.erb within layouts/application
  Rendered patients/sessions/new.html.erb within layouts/application (Duration: 0.7ms | Allocations: 499)
  Rendered layout layouts/application.html.erb (Duration: 3.2ms | Allocations: 1638)
Completed 200 OK in 6ms (Views: 4.0ms | ActiveRecord: 0.0ms | Allocations: 2333)


